{"/Users/haile/codefellows/401/lab_assignments/lab-03/lib/reader-callback-extended.js": {"path":"/Users/haile/codefellows/401/lab_assignments/lab-03/lib/reader-callback-extended.js","statementMap":{"0":{"start":{"line":3,"column":11},"end":{"line":3,"column":24}},"1":{"start":{"line":4,"column":15},"end":{"line":4,"column":17}},"2":{"start":{"line":9,"column":0},"end":{"line":12,"column":2}},"3":{"start":{"line":10,"column":2},"end":{"line":10,"column":31}},"4":{"start":{"line":11,"column":2},"end":{"line":11,"column":16}},"5":{"start":{"line":19,"column":16},"end":{"line":24,"column":1}},"6":{"start":{"line":20,"column":2},"end":{"line":23,"column":5}},"7":{"start":{"line":21,"column":4},"end":{"line":22,"column":39}},"8":{"start":{"line":21,"column":14},"end":{"line":21,"column":28}},"9":{"start":{"line":22,"column":11},"end":{"line":22,"column":37}},"10":{"start":{"line":31,"column":16},"end":{"line":93,"column":1}},"11":{"start":{"line":33,"column":17},"end":{"line":33,"column":19}},"12":{"start":{"line":77,"column":2},"end":{"line":88,"column":3}},"13":{"start":{"line":78,"column":4},"end":{"line":87,"column":7}},"14":{"start":{"line":79,"column":6},"end":{"line":86,"column":7}},"15":{"start":{"line":80,"column":8},"end":{"line":80,"column":35}},"16":{"start":{"line":81,"column":8},"end":{"line":81,"column":22}},"17":{"start":{"line":84,"column":8},"end":{"line":84,"column":46}},"18":{"start":{"line":85,"column":8},"end":{"line":85,"column":40}},"19":{"start":{"line":91,"column":2},"end":{"line":91,"column":26}}},"fnMap":{"0":{"name":"(anonymous_0)","decl":{"start":{"line":9,"column":27},"end":{"line":9,"column":28}},"loc":{"start":{"line":9,"column":48},"end":{"line":12,"column":1}},"line":9},"1":{"name":"(anonymous_1)","decl":{"start":{"line":19,"column":16},"end":{"line":19,"column":17}},"loc":{"start":{"line":19,"column":36},"end":{"line":24,"column":1}},"line":19},"2":{"name":"(anonymous_2)","decl":{"start":{"line":20,"column":21},"end":{"line":20,"column":22}},"loc":{"start":{"line":20,"column":36},"end":{"line":23,"column":3}},"line":20},"3":{"name":"(anonymous_3)","decl":{"start":{"line":31,"column":16},"end":{"line":31,"column":17}},"loc":{"start":{"line":31,"column":37},"end":{"line":93,"column":1}},"line":31},"4":{"name":"(anonymous_4)","decl":{"start":{"line":78,"column":22},"end":{"line":78,"column":23}},"loc":{"start":{"line":78,"column":37},"end":{"line":87,"column":5}},"line":78}},"branchMap":{"0":{"loc":{"start":{"line":21,"column":4},"end":{"line":22,"column":39}},"type":"if","locations":[{"start":{"line":21,"column":4},"end":{"line":22,"column":39}},{"start":{"line":21,"column":4},"end":{"line":22,"column":39}}],"line":21},"1":{"loc":{"start":{"line":79,"column":6},"end":{"line":86,"column":7}},"type":"if","locations":[{"start":{"line":79,"column":6},"end":{"line":86,"column":7}},{"start":{"line":79,"column":6},"end":{"line":86,"column":7}}],"line":79}},"s":{"0":1,"1":1,"2":1,"3":3,"4":3,"5":1,"6":8,"7":8,"8":1,"9":7,"10":1,"11":3,"12":3,"13":8,"14":8,"15":1,"16":1,"17":7,"18":7,"19":3},"f":{"0":3,"1":8,"2":8,"3":3,"4":8},"b":{"0":[1,7],"1":[1,7]},"_coverageSchema":"332fd63041d2c1bcb487cc26dd0d5f7d97098a6c","hash":"c04ff530650dbae93e8626f90e5af18d5ea0ddbb"}
,"/Users/haile/codefellows/401/lab_assignments/lab-03/lib/reader-promise.js": {"path":"/Users/haile/codefellows/401/lab_assignments/lab-03/lib/reader-promise.js","statementMap":{"0":{"start":{"line":3,"column":11},"end":{"line":3,"column":24}},"1":{"start":{"line":4,"column":15},"end":{"line":4,"column":17}},"2":{"start":{"line":9,"column":0},"end":{"line":12,"column":2}},"3":{"start":{"line":10,"column":2},"end":{"line":10,"column":31}},"4":{"start":{"line":11,"column":2},"end":{"line":11,"column":16}},"5":{"start":{"line":19,"column":16},"end":{"line":24,"column":1}},"6":{"start":{"line":20,"column":2},"end":{"line":23,"column":5}},"7":{"start":{"line":21,"column":4},"end":{"line":22,"column":39}},"8":{"start":{"line":21,"column":14},"end":{"line":21,"column":28}},"9":{"start":{"line":22,"column":11},"end":{"line":22,"column":37}},"10":{"start":{"line":31,"column":16},"end":{"line":78,"column":1}},"11":{"start":{"line":33,"column":17},"end":{"line":33,"column":19}},"12":{"start":{"line":35,"column":4},"end":{"line":46,"column":7}},"13":{"start":{"line":36,"column":6},"end":{"line":45,"column":7}},"14":{"start":{"line":37,"column":8},"end":{"line":37,"column":35}},"15":{"start":{"line":38,"column":8},"end":{"line":38,"column":22}},"16":{"start":{"line":41,"column":8},"end":{"line":41,"column":35}},"17":{"start":{"line":43,"column":8},"end":{"line":43,"column":46}},"18":{"start":{"line":44,"column":8},"end":{"line":44,"column":12}},"19":{"start":{"line":49,"column":4},"end":{"line":60,"column":7}},"20":{"start":{"line":50,"column":6},"end":{"line":59,"column":7}},"21":{"start":{"line":51,"column":8},"end":{"line":51,"column":25}},"22":{"start":{"line":52,"column":8},"end":{"line":52,"column":22}},"23":{"start":{"line":55,"column":8},"end":{"line":55,"column":35}},"24":{"start":{"line":57,"column":8},"end":{"line":57,"column":46}},"25":{"start":{"line":58,"column":8},"end":{"line":58,"column":12}},"26":{"start":{"line":63,"column":4},"end":{"line":73,"column":7}},"27":{"start":{"line":64,"column":6},"end":{"line":72,"column":7}},"28":{"start":{"line":65,"column":8},"end":{"line":65,"column":25}},"29":{"start":{"line":66,"column":8},"end":{"line":66,"column":22}},"30":{"start":{"line":69,"column":8},"end":{"line":69,"column":35}},"31":{"start":{"line":70,"column":8},"end":{"line":70,"column":46}},"32":{"start":{"line":75,"column":2},"end":{"line":75,"column":6}},"33":{"start":{"line":76,"column":2},"end":{"line":76,"column":26}}},"fnMap":{"0":{"name":"(anonymous_0)","decl":{"start":{"line":9,"column":27},"end":{"line":9,"column":28}},"loc":{"start":{"line":9,"column":48},"end":{"line":12,"column":1}},"line":9},"1":{"name":"(anonymous_1)","decl":{"start":{"line":19,"column":16},"end":{"line":19,"column":17}},"loc":{"start":{"line":19,"column":36},"end":{"line":24,"column":1}},"line":19},"2":{"name":"(anonymous_2)","decl":{"start":{"line":20,"column":21},"end":{"line":20,"column":22}},"loc":{"start":{"line":20,"column":36},"end":{"line":23,"column":3}},"line":20},"3":{"name":"(anonymous_3)","decl":{"start":{"line":31,"column":16},"end":{"line":31,"column":17}},"loc":{"start":{"line":31,"column":37},"end":{"line":78,"column":1}},"line":31},"4":{"name":"a","decl":{"start":{"line":34,"column":11},"end":{"line":34,"column":12}},"loc":{"start":{"line":34,"column":16},"end":{"line":47,"column":3}},"line":34},"5":{"name":"(anonymous_5)","decl":{"start":{"line":35,"column":22},"end":{"line":35,"column":23}},"loc":{"start":{"line":35,"column":37},"end":{"line":46,"column":5}},"line":35},"6":{"name":"b","decl":{"start":{"line":48,"column":11},"end":{"line":48,"column":12}},"loc":{"start":{"line":48,"column":16},"end":{"line":61,"column":3}},"line":48},"7":{"name":"(anonymous_7)","decl":{"start":{"line":49,"column":22},"end":{"line":49,"column":23}},"loc":{"start":{"line":49,"column":37},"end":{"line":60,"column":5}},"line":49},"8":{"name":"c","decl":{"start":{"line":62,"column":11},"end":{"line":62,"column":12}},"loc":{"start":{"line":62,"column":16},"end":{"line":74,"column":3}},"line":62},"9":{"name":"(anonymous_9)","decl":{"start":{"line":63,"column":22},"end":{"line":63,"column":23}},"loc":{"start":{"line":63,"column":37},"end":{"line":73,"column":5}},"line":63}},"branchMap":{"0":{"loc":{"start":{"line":21,"column":4},"end":{"line":22,"column":39}},"type":"if","locations":[{"start":{"line":21,"column":4},"end":{"line":22,"column":39}},{"start":{"line":21,"column":4},"end":{"line":22,"column":39}}],"line":21},"1":{"loc":{"start":{"line":36,"column":6},"end":{"line":45,"column":7}},"type":"if","locations":[{"start":{"line":36,"column":6},"end":{"line":45,"column":7}},{"start":{"line":36,"column":6},"end":{"line":45,"column":7}}],"line":36},"2":{"loc":{"start":{"line":50,"column":6},"end":{"line":59,"column":7}},"type":"if","locations":[{"start":{"line":50,"column":6},"end":{"line":59,"column":7}},{"start":{"line":50,"column":6},"end":{"line":59,"column":7}}],"line":50},"3":{"loc":{"start":{"line":64,"column":6},"end":{"line":72,"column":7}},"type":"if","locations":[{"start":{"line":64,"column":6},"end":{"line":72,"column":7}},{"start":{"line":64,"column":6},"end":{"line":72,"column":7}}],"line":64}},"s":{"0":1,"1":1,"2":1,"3":2,"4":2,"5":1,"6":4,"7":4,"8":1,"9":3,"10":1,"11":2,"12":2,"13":2,"14":1,"15":1,"16":1,"17":1,"18":1,"19":1,"20":1,"21":0,"22":0,"23":1,"24":1,"25":1,"26":1,"27":1,"28":0,"29":0,"30":1,"31":1,"32":2,"33":2},"f":{"0":2,"1":4,"2":4,"3":2,"4":2,"5":2,"6":1,"7":1,"8":1,"9":1},"b":{"0":[1,3],"1":[1,1],"2":[0,1],"3":[0,1]},"_coverageSchema":"332fd63041d2c1bcb487cc26dd0d5f7d97098a6c","hash":"ac8e15c3041790f75f2b656b641c69a653838651"}
,"/Users/haile/codefellows/401/lab_assignments/lab-03/lib/reader.js": {"path":"/Users/haile/codefellows/401/lab_assignments/lab-03/lib/reader.js","statementMap":{"0":{"start":{"line":3,"column":11},"end":{"line":3,"column":24}},"1":{"start":{"line":4,"column":15},"end":{"line":4,"column":17}},"2":{"start":{"line":9,"column":0},"end":{"line":12,"column":2}},"3":{"start":{"line":10,"column":2},"end":{"line":10,"column":31}},"4":{"start":{"line":11,"column":2},"end":{"line":11,"column":16}},"5":{"start":{"line":19,"column":16},"end":{"line":24,"column":1}},"6":{"start":{"line":20,"column":2},"end":{"line":23,"column":5}},"7":{"start":{"line":21,"column":4},"end":{"line":22,"column":39}},"8":{"start":{"line":21,"column":14},"end":{"line":21,"column":28}},"9":{"start":{"line":22,"column":11},"end":{"line":22,"column":37}},"10":{"start":{"line":31,"column":16},"end":{"line":78,"column":1}},"11":{"start":{"line":33,"column":17},"end":{"line":33,"column":19}},"12":{"start":{"line":35,"column":4},"end":{"line":46,"column":7}},"13":{"start":{"line":36,"column":6},"end":{"line":45,"column":7}},"14":{"start":{"line":37,"column":8},"end":{"line":37,"column":35}},"15":{"start":{"line":38,"column":8},"end":{"line":38,"column":22}},"16":{"start":{"line":41,"column":8},"end":{"line":41,"column":35}},"17":{"start":{"line":43,"column":8},"end":{"line":43,"column":46}},"18":{"start":{"line":44,"column":8},"end":{"line":44,"column":12}},"19":{"start":{"line":49,"column":4},"end":{"line":60,"column":7}},"20":{"start":{"line":50,"column":6},"end":{"line":59,"column":7}},"21":{"start":{"line":51,"column":8},"end":{"line":51,"column":25}},"22":{"start":{"line":52,"column":8},"end":{"line":52,"column":22}},"23":{"start":{"line":55,"column":8},"end":{"line":55,"column":35}},"24":{"start":{"line":57,"column":8},"end":{"line":57,"column":46}},"25":{"start":{"line":58,"column":8},"end":{"line":58,"column":12}},"26":{"start":{"line":63,"column":4},"end":{"line":73,"column":7}},"27":{"start":{"line":64,"column":6},"end":{"line":72,"column":7}},"28":{"start":{"line":65,"column":8},"end":{"line":65,"column":25}},"29":{"start":{"line":66,"column":8},"end":{"line":66,"column":22}},"30":{"start":{"line":69,"column":8},"end":{"line":69,"column":35}},"31":{"start":{"line":70,"column":8},"end":{"line":70,"column":46}},"32":{"start":{"line":71,"column":8},"end":{"line":71,"column":30}},"33":{"start":{"line":75,"column":2},"end":{"line":75,"column":6}},"34":{"start":{"line":76,"column":2},"end":{"line":76,"column":26}}},"fnMap":{"0":{"name":"(anonymous_0)","decl":{"start":{"line":9,"column":27},"end":{"line":9,"column":28}},"loc":{"start":{"line":9,"column":48},"end":{"line":12,"column":1}},"line":9},"1":{"name":"(anonymous_1)","decl":{"start":{"line":19,"column":16},"end":{"line":19,"column":17}},"loc":{"start":{"line":19,"column":36},"end":{"line":24,"column":1}},"line":19},"2":{"name":"(anonymous_2)","decl":{"start":{"line":20,"column":21},"end":{"line":20,"column":22}},"loc":{"start":{"line":20,"column":36},"end":{"line":23,"column":3}},"line":20},"3":{"name":"(anonymous_3)","decl":{"start":{"line":31,"column":16},"end":{"line":31,"column":17}},"loc":{"start":{"line":31,"column":37},"end":{"line":78,"column":1}},"line":31},"4":{"name":"a","decl":{"start":{"line":34,"column":11},"end":{"line":34,"column":12}},"loc":{"start":{"line":34,"column":16},"end":{"line":47,"column":3}},"line":34},"5":{"name":"(anonymous_5)","decl":{"start":{"line":35,"column":22},"end":{"line":35,"column":23}},"loc":{"start":{"line":35,"column":37},"end":{"line":46,"column":5}},"line":35},"6":{"name":"b","decl":{"start":{"line":48,"column":11},"end":{"line":48,"column":12}},"loc":{"start":{"line":48,"column":16},"end":{"line":61,"column":3}},"line":48},"7":{"name":"(anonymous_7)","decl":{"start":{"line":49,"column":22},"end":{"line":49,"column":23}},"loc":{"start":{"line":49,"column":37},"end":{"line":60,"column":5}},"line":49},"8":{"name":"c","decl":{"start":{"line":62,"column":11},"end":{"line":62,"column":12}},"loc":{"start":{"line":62,"column":16},"end":{"line":74,"column":3}},"line":62},"9":{"name":"(anonymous_9)","decl":{"start":{"line":63,"column":22},"end":{"line":63,"column":23}},"loc":{"start":{"line":63,"column":37},"end":{"line":73,"column":5}},"line":63}},"branchMap":{"0":{"loc":{"start":{"line":21,"column":4},"end":{"line":22,"column":39}},"type":"if","locations":[{"start":{"line":21,"column":4},"end":{"line":22,"column":39}},{"start":{"line":21,"column":4},"end":{"line":22,"column":39}}],"line":21},"1":{"loc":{"start":{"line":36,"column":6},"end":{"line":45,"column":7}},"type":"if","locations":[{"start":{"line":36,"column":6},"end":{"line":45,"column":7}},{"start":{"line":36,"column":6},"end":{"line":45,"column":7}}],"line":36},"2":{"loc":{"start":{"line":50,"column":6},"end":{"line":59,"column":7}},"type":"if","locations":[{"start":{"line":50,"column":6},"end":{"line":59,"column":7}},{"start":{"line":50,"column":6},"end":{"line":59,"column":7}}],"line":50},"3":{"loc":{"start":{"line":64,"column":6},"end":{"line":72,"column":7}},"type":"if","locations":[{"start":{"line":64,"column":6},"end":{"line":72,"column":7}},{"start":{"line":64,"column":6},"end":{"line":72,"column":7}}],"line":64}},"s":{"0":1,"1":1,"2":1,"3":2,"4":2,"5":1,"6":4,"7":4,"8":1,"9":3,"10":1,"11":2,"12":2,"13":2,"14":1,"15":1,"16":1,"17":1,"18":1,"19":1,"20":1,"21":0,"22":0,"23":1,"24":1,"25":1,"26":1,"27":1,"28":0,"29":0,"30":1,"31":1,"32":1,"33":2,"34":2},"f":{"0":2,"1":4,"2":4,"3":2,"4":2,"5":2,"6":1,"7":1,"8":1,"9":1},"b":{"0":[1,3],"1":[1,1],"2":[0,1],"3":[0,1]},"_coverageSchema":"332fd63041d2c1bcb487cc26dd0d5f7d97098a6c","hash":"5c67136864d408e66496502a20831fdc4a7cc3af"}
}
