TN:
SF:/Users/haile/codefellows/401/lab_assignments/lab-03/lib/reader-callback-extended.js
FN:9,(anonymous_0)
FN:19,(anonymous_1)
FN:20,(anonymous_2)
FN:31,(anonymous_3)
FN:78,(anonymous_4)
FNF:5
FNH:5
FNDA:3,(anonymous_0)
FNDA:8,(anonymous_1)
FNDA:8,(anonymous_2)
FNDA:3,(anonymous_3)
FNDA:8,(anonymous_4)
DA:3,1
DA:4,1
DA:9,1
DA:10,3
DA:11,3
DA:19,1
DA:20,8
DA:21,8
DA:22,7
DA:31,1
DA:33,3
DA:77,3
DA:78,8
DA:79,8
DA:80,1
DA:81,1
DA:84,7
DA:85,7
DA:91,3
LF:19
LH:19
BRDA:21,0,0,1
BRDA:21,0,1,7
BRDA:79,1,0,1
BRDA:79,1,1,7
BRF:4
BRH:4
end_of_record
TN:
SF:/Users/haile/codefellows/401/lab_assignments/lab-03/lib/reader-promise.js
FN:9,(anonymous_0)
FN:19,(anonymous_1)
FN:20,(anonymous_2)
FN:31,(anonymous_3)
FN:34,a
FN:35,(anonymous_5)
FN:48,b
FN:49,(anonymous_7)
FN:62,c
FN:63,(anonymous_9)
FNF:10
FNH:10
FNDA:2,(anonymous_0)
FNDA:4,(anonymous_1)
FNDA:4,(anonymous_2)
FNDA:2,(anonymous_3)
FNDA:2,a
FNDA:2,(anonymous_5)
FNDA:1,b
FNDA:1,(anonymous_7)
FNDA:1,c
FNDA:1,(anonymous_9)
DA:3,1
DA:4,1
DA:9,1
DA:10,2
DA:11,2
DA:19,1
DA:20,4
DA:21,4
DA:22,3
DA:31,1
DA:33,2
DA:35,2
DA:36,2
DA:37,1
DA:38,1
DA:41,1
DA:43,1
DA:44,1
DA:49,1
DA:50,1
DA:51,0
DA:52,0
DA:55,1
DA:57,1
DA:58,1
DA:63,1
DA:64,1
DA:65,0
DA:66,0
DA:69,1
DA:70,1
DA:75,2
DA:76,2
LF:33
LH:29
BRDA:21,0,0,1
BRDA:21,0,1,3
BRDA:36,1,0,1
BRDA:36,1,1,1
BRDA:50,2,0,0
BRDA:50,2,1,1
BRDA:64,3,0,0
BRDA:64,3,1,1
BRF:8
BRH:6
end_of_record
TN:
SF:/Users/haile/codefellows/401/lab_assignments/lab-03/lib/reader.js
FN:9,(anonymous_0)
FN:19,(anonymous_1)
FN:20,(anonymous_2)
FN:31,(anonymous_3)
FN:34,a
FN:35,(anonymous_5)
FN:48,b
FN:49,(anonymous_7)
FN:62,c
FN:63,(anonymous_9)
FNF:10
FNH:10
FNDA:2,(anonymous_0)
FNDA:4,(anonymous_1)
FNDA:4,(anonymous_2)
FNDA:2,(anonymous_3)
FNDA:2,a
FNDA:2,(anonymous_5)
FNDA:1,b
FNDA:1,(anonymous_7)
FNDA:1,c
FNDA:1,(anonymous_9)
DA:3,1
DA:4,1
DA:9,1
DA:10,2
DA:11,2
DA:19,1
DA:20,4
DA:21,4
DA:22,3
DA:31,1
DA:33,2
DA:35,2
DA:36,2
DA:37,1
DA:38,1
DA:41,1
DA:43,1
DA:44,1
DA:49,1
DA:50,1
DA:51,0
DA:52,0
DA:55,1
DA:57,1
DA:58,1
DA:63,1
DA:64,1
DA:65,0
DA:66,0
DA:69,1
DA:70,1
DA:71,1
DA:75,2
DA:76,2
LF:34
LH:30
BRDA:21,0,0,1
BRDA:21,0,1,3
BRDA:36,1,0,1
BRDA:36,1,1,1
BRDA:50,2,0,0
BRDA:50,2,1,1
BRDA:64,3,0,0
BRDA:64,3,1,1
BRF:8
BRH:6
end_of_record
